#
# There is insufficient memory for the Java Runtime Environment to continue.
# Native memory allocation (malloc) failed to allocate 1048576 bytes for AllocateHeap
# Possible reasons:
#   The system is out of physical RAM or swap space
#   The process is running with CompressedOops enabled, and the Java Heap may be blocking the growth of the native heap
# Possible solutions:
#   Reduce memory load on the system
#   Increase physical memory or swap space
#   Check if swap backing store is full
#   Decrease Java heap size (-Xmx/-Xms)
#   Decrease number of Java threads
#   Decrease Java thread stack sizes (-Xss)
#   Set larger code cache with -XX:ReservedCodeCacheSize=
#   JVM is running with Zero Based Compressed Oops mode in which the Java heap is
#     placed in the first 32GB address space. The Java Heap base address is the
#     maximum limit for the native heap growth. Please use -XX:HeapBaseMinAddress
#     to set the Java Heap base and to place the Java Heap above 32GB virtual address.
# This output file may be truncated or incomplete.
#
#  Out of Memory Error (memory/allocation.inline.hpp:61), pid=29704, tid=0x0000000000003fec
#
# JRE version:  (8.0_202-b08) (build )
# Java VM: Java HotSpot(TM) 64-Bit Server VM (25.202-b08 mixed mode windows-amd64 compressed oops)
# Failed to write core dump. Minidumps are not enabled by default on client versions of Windows
#

---------------  T H R E A D  ---------------

Current thread (0x0000000003542800):  JavaThread "Unknown thread" [_thread_in_vm, id=16364, stack(0x0000000003440000,0x0000000003540000)]

Stack: [0x0000000003440000,0x0000000003540000]
[error occurred during error reporting (printing stack bounds), id 0xc0000005]

Native frames: (J=compiled Java code, j=interpreted, Vv=VM code, C=native code)


---------------  P R O C E S S  ---------------

Java Threads: ( => current thread )

Other Threads:

=>0x0000000003542800 (exited) JavaThread "Unknown thread" [_thread_in_vm, id=16364, stack(0x0000000003440000,0x0000000003540000)]

VM state:not at safepoint (normal execution)

VM Mutex/Monitor currently owned by a thread: None

heap address: 0x00000006c3e00000, size: 4034 MB, Compressed Oops mode: Zero based, Oop shift amount: 3
Narrow klass base: 0x0000000000000000, Narrow klass shift: 3
Compressed class space size: 1073741824 Address: 0x00000007c0000000

Heap:
 PSYoungGen      total 75776K, used 1300K [0x000000076bf80000, 0x0000000771400000, 0x00000007c0000000)
  eden space 65024K, 2% used [0x000000076bf80000,0x000000076c0c51f8,0x000000076ff00000)
  from space 10752K, 0% used [0x0000000770980000,0x0000000770980000,0x0000000771400000)
  to   space 10752K, 0% used [0x000000076ff00000,0x000000076ff00000,0x0000000770980000)
 ParOldGen       total 173568K, used 0K [0x00000006c3e00000, 0x00000006ce780000, 0x000000076bf80000)
  object space 173568K, 0% used [0x00000006c3e00000,0x00000006c3e00000,0x00000006ce780000)
 Metaspace       used 775K, capacity 4480K, committed 4480K, reserved 1056768K
  class space    used 76K, capacity 384K, committed 384K, reserved 1048576K

Card table byte_map: [0x0000000012a00000,0x00000000131f0000] byte_map_base: 0x000000000f3e1000

Marking Bits: (ParMarkBitMap*) 0x0000000076545ce0
 Begin Bits: [0x0000000013f40000, 0x0000000017e48000)
 End Bits:   [0x0000000017e48000, 0x000000001bd50000)

Polling page: 0x0000000002ed0000

CodeCache: size=245760Kb used=328Kb max_used=328Kb free=245431Kb
 bounds [0x0000000003640000, 0x00000000038b0000, 0x0000000012640000]
 total_blobs=58 nmethods=0 adapters=38
 compilation: enabled

Compilation events (0 events):
No events

GC Heap History (0 events):
No events

Deoptimization events (0 events):
No events

Classes redefined (0 events):
No events

Internal exceptions (0 events):
No events

Events (10 events):
Event: 0.058 loading class java/lang/Short
Event: 0.058 loading class java/lang/Short done
Event: 0.058 loading class java/lang/Integer
Event: 0.058 loading class java/lang/Integer done
Event: 0.058 loading class java/lang/Long
Event: 0.059 loading class java/lang/Long done
Event: 0.060 loading class java/lang/NullPointerException
Event: 0.060 loading class java/lang/NullPointerException done
Event: 0.060 loading class java/lang/ArithmeticException
Event: 0.060 loading class java/lang/ArithmeticException done


Dynamic libraries:
0x00007ff6cf650000 - 0x00007ff6cf687000 	C:\Program Files\Java\jdk1.8.0_202\bin\java.exe
0x00007ff8a2ad0000 - 0x00007ff8a2cc5000 	C:\Windows\SYSTEM32\ntdll.dll
0x00007ff8a0bf0000 - 0x00007ff8a0cad000 	C:\Windows\System32\KERNEL32.DLL
0x00007ff8a03a0000 - 0x00007ff8a0669000 	C:\Windows\System32\KERNELBASE.dll
0x00007ff8a19c0000 - 0x00007ff8a1a6c000 	C:\Windows\System32\ADVAPI32.dll
0x00007ff8a1a70000 - 0x00007ff8a1b0e000 	C:\Windows\System32\msvcrt.dll
0x00007ff8a29f0000 - 0x00007ff8a2a8b000 	C:\Windows\System32\sechost.dll
0x00007ff8a1ca0000 - 0x00007ff8a1dca000 	C:\Windows\System32\RPCRT4.dll
0x00007ff8a1f80000 - 0x00007ff8a2120000 	C:\Windows\System32\USER32.dll
0x00007ff8a09b0000 - 0x00007ff8a09d2000 	C:\Windows\System32\win32u.dll
0x00007ff8a2270000 - 0x00007ff8a229a000 	C:\Windows\System32\GDI32.dll
0x00007ff8a0290000 - 0x00007ff8a039b000 	C:\Windows\System32\gdi32full.dll
0x00007ff8a0a90000 - 0x00007ff8a0b2d000 	C:\Windows\System32\msvcp_win.dll
0x00007ff8a0670000 - 0x00007ff8a0770000 	C:\Windows\System32\ucrtbase.dll
0x00007ff882e00000 - 0x00007ff88309a000 	C:\Windows\WinSxS\amd64_microsoft.windows.common-controls_6595b64144ccf1df_6.0.19041.1110_none_60b5254171f9507e\COMCTL32.dll
0x00007ff8a0df0000 - 0x00007ff8a0e20000 	C:\Windows\System32\IMM32.DLL
0x00007ff89a1f0000 - 0x00007ff89a2a3000 	C:\Program Files\McAfee\Endpoint Security\Threat Prevention\Ips\EpMPApi.dll
0x00007ff8a08d0000 - 0x00007ff8a0930000 	C:\Windows\System32\WINTRUST.dll
0x00007ff8a0770000 - 0x00007ff8a08cf000 	C:\Windows\System32\CRYPT32.dll
0x00007ff89fde0000 - 0x00007ff89fdf2000 	C:\Windows\SYSTEM32\MSASN1.dll
0x0000000076d30000 - 0x0000000076d3c000 	C:\Program Files\McAfee\Endpoint Security\Threat Prevention\Ips\EpMPThe.dll
0x00007ff89a650000 - 0x00007ff89a6a9000 	C:\Program Files\McAfee\Endpoint Security\Threat Prevention\Ips\HIPHandlers64.dll
0x00007ff8a0b90000 - 0x00007ff8a0be5000 	C:\Windows\System32\SHLWAPI.dll
0x00007ff89dee0000 - 0x00007ff89e0c4000 	C:\Windows\SYSTEM32\dbghelp.dll
0x00000000765d0000 - 0x00000000766a2000 	C:\Program Files\Java\jdk1.8.0_202\jre\bin\msvcr100.dll
0x0000000075d20000 - 0x00000000765c5000 	C:\Program Files\Java\jdk1.8.0_202\jre\bin\server\jvm.dll
0x00007ff8a1c20000 - 0x00007ff8a1c28000 	C:\Windows\System32\PSAPI.DLL
0x00007ff889310000 - 0x00007ff889337000 	C:\Windows\SYSTEM32\WINMM.dll
0x00007ff88a370000 - 0x00007ff88a379000 	C:\Windows\SYSTEM32\WSOCK32.dll
0x00007ff893f30000 - 0x00007ff893f3a000 	C:\Windows\SYSTEM32\VERSION.dll
0x00007ff8a1c30000 - 0x00007ff8a1c9b000 	C:\Windows\System32\WS2_32.dll
0x00007ff87cc10000 - 0x00007ff87cc1f000 	C:\Program Files\Java\jdk1.8.0_202\jre\bin\verify.dll
0x00007ff8772e0000 - 0x00007ff877309000 	C:\Program Files\Java\jdk1.8.0_202\jre\bin\java.dll
0x00007ff87bb90000 - 0x00007ff87bba6000 	C:\Program Files\Java\jdk1.8.0_202\jre\bin\zip.dll

VM Arguments:
jvm_args: -Dfile.encoding=UTF-8 
java_command: com.algorithms.sword.to.offer.Offer_51_ReversePairs
java_class_path (initial): C:\Users\zhanxuejun\study\algorithm-learn\剑指offer\target\classes
Launcher Type: SUN_STANDARD

Environment Variables:
JAVA_HOME=C:\Users\zhanxuejun\jdk\java-se-8u41-ri
CLASSPATH=C:\Program Files\Eclipse Foundation\jdk-11.0.12.7-hotspot\\lib\dt.jar;C:\Program Files\Eclipse Foundation\jdk-11.0.12.7-hotspot\\lib\tools.jar
PATH=C:\Program Files\Eclipse Foundation\jdk-11.0.12.7-hotspot\bin;C:\Program Files (x86)\Common Files\Oracle\Java\javapath;C:\Program Files (x86)\VMware\VMware Workstation\bin\;C:\Windows\system32;C:\Windows;C:\Windows\System32\Wbem;C:\Windows\System32\WindowsPowerShell\v1.0\;C:\Windows\System32\OpenSSH\;C:\Program Files\Eclipse Foundation\jdk-11.0.12.7-hotspot\\bin;C:\Program Files\Eclipse Foundation\jdk-11.0.12.7-hotspot\\jre\bin;C:\Users\zhanxuejun\maven\apache-maven-3.6.3\bin;C:\Users\zhanxuejun\gradle\gradle-6.8.3\bin;%HADOOP_HOME%\bin;C:\Program Files\nodejs\;C:\Program Files\Go\bin;C:\Users\zhanxuejun\AppData\Local\Programs\Python\Python37\Scripts\;C:\Users\zhanxuejun\AppData\Local\Programs\Python\Python37\;C:\Users\zhanxuejun\AppData\Local\Microsoft\WindowsApps;C:\Users\zhanxuejun\AppData\Local\Programs\Git\cmd;C:\Users\zhanxuejun\AppData\Roaming\npm;C:\Program Files\JetBrains\CLion 2021.1.2\bin;;C:\Users\zhanxuejun\AppData\Local\GitHubDesktop\bin;C:\Users\zhanxuejun\AppData\Local\Programs\Microsoft VS Code\bin;C:\Users\zhanxuejun\go\bin
USERNAME=zhanxuejun
OS=Windows_NT
PROCESSOR_IDENTIFIER=Intel64 Family 6 Model 142 Stepping 12, GenuineIntel



---------------  S Y S T E M  ---------------

OS: Windows 10.0 , 64 bit Build 19041 (10.0.19041.1151)

CPU:total 8 (initial active 8) (4 cores per cpu, 2 threads per core) family 6 model 142 stepping 12, cmov, cx8, fxsr, mmx, sse, sse2, sse3, ssse3, sse4.1, sse4.2, popcnt, avx, avx2, aes, clmul, erms, 3dnowpref, lzcnt, ht, tsc, tscinvbit, bmi1, bmi2, adx

Memory: 4k page, physical 16522880k(2442368k free), swap 16522880k(5932k free)

vm_info: Java HotSpot(TM) 64-Bit Server VM (25.202-b08) for windows-amd64 JRE (1.8.0_202-b08), built on Dec 15 2018 19:54:30 by "java_re" with MS VC++ 10.0 (VS2010)

time: Sun Sep 26 10:05:51 2021
timezone: 中国标准时间
elapsed time: 0 seconds (0d 0h 0m 0s)

